{
    "meta": {
        "format": 2,
        "version": "7.4.1",
        "timestamp": "2024-02-18T23:16:44.078483",
        "branch_coverage": false,
        "show_contexts": false
    },
    "files": {
        "module\\__init__.py": {
            "executed_lines": [
                0
            ],
            "summary": {
                "covered_lines": 0,
                "num_statements": 0,
                "percent_covered": 100.0,
                "percent_covered_display": "100",
                "missing_lines": 0,
                "excluded_lines": 0
            },
            "missing_lines": [],
            "excluded_lines": []
        },
        "module\\errors\\__init__.py": {
            "executed_lines": [
                0
            ],
            "summary": {
                "covered_lines": 0,
                "num_statements": 0,
                "percent_covered": 100.0,
                "percent_covered_display": "100",
                "missing_lines": 0,
                "excluded_lines": 0
            },
            "missing_lines": [],
            "excluded_lines": []
        },
        "module\\errors\\empty_stack_error.py": {
            "executed_lines": [
                1,
                2,
                11,
                13,
                19,
                21
            ],
            "summary": {
                "covered_lines": 5,
                "num_statements": 5,
                "percent_covered": 100.0,
                "percent_covered_display": "100",
                "missing_lines": 0,
                "excluded_lines": 0
            },
            "missing_lines": [],
            "excluded_lines": []
        },
        "module\\stack.py": {
            "executed_lines": [
                1,
                11,
                12,
                13,
                14,
                15,
                17,
                19,
                22,
                23,
                37,
                39,
                41,
                42,
                44,
                45,
                54,
                56,
                57,
                59,
                61,
                62,
                70,
                72,
                78,
                80,
                87,
                88,
                90,
                99,
                100,
                102,
                104,
                110,
                111,
                112,
                113,
                115,
                121,
                122,
                124,
                136,
                137,
                139,
                141,
                155,
                157,
                159,
                168,
                169,
                171,
                173,
                179,
                180,
                181,
                182,
                184,
                185,
                191,
                193,
                194,
                200,
                202,
                203,
                209,
                211,
                212,
                221,
                223,
                224,
                230,
                232,
                233,
                236,
                237
            ],
            "summary": {
                "covered_lines": 73,
                "num_statements": 81,
                "percent_covered": 90.12345679012346,
                "percent_covered_display": "90",
                "missing_lines": 8,
                "excluded_lines": 0
            },
            "missing_lines": [
                150,
                151,
                152,
                153,
                234,
                243,
                245,
                246
            ],
            "excluded_lines": []
        },
        "test\\__init__.py": {
            "executed_lines": [
                0
            ],
            "summary": {
                "covered_lines": 0,
                "num_statements": 0,
                "percent_covered": 100.0,
                "percent_covered_display": "100",
                "missing_lines": 0,
                "excluded_lines": 0
            },
            "missing_lines": [],
            "excluded_lines": []
        },
        "test\\stack_test.py": {
            "executed_lines": [
                1,
                3,
                5,
                8,
                9,
                10,
                12,
                14,
                16,
                18,
                20,
                22,
                24,
                25,
                27,
                29,
                31,
                33,
                35,
                37,
                43,
                44,
                46,
                48,
                50,
                52,
                54,
                56,
                58,
                59,
                61,
                63,
                64,
                66,
                68,
                69,
                71,
                73,
                74,
                76,
                77,
                79,
                81,
                82,
                84,
                85,
                87,
                89,
                91,
                93,
                94,
                96,
                97,
                99,
                101,
                103,
                105,
                107,
                109,
                111,
                113,
                114,
                116,
                118,
                120,
                122,
                124,
                125,
                127,
                129,
                131,
                133,
                134,
                136,
                138,
                140,
                142,
                144,
                145,
                146,
                147,
                149,
                151,
                152,
                154,
                156,
                158,
                160,
                161,
                163,
                165,
                167,
                169,
                171,
                172,
                174,
                175,
                176,
                178,
                180,
                182,
                184,
                186,
                187,
                189,
                191,
                193,
                195,
                197,
                198,
                202,
                204,
                207
            ],
            "summary": {
                "covered_lines": 113,
                "num_statements": 114,
                "percent_covered": 99.12280701754386,
                "percent_covered_display": "99",
                "missing_lines": 1,
                "excluded_lines": 0
            },
            "missing_lines": [
                208
            ],
            "excluded_lines": []
        }
    },
    "totals": {
        "covered_lines": 191,
        "num_statements": 200,
        "percent_covered": 95.5,
        "percent_covered_display": "96",
        "missing_lines": 9,
        "excluded_lines": 0
    }
}